<?xml version="1.0" encoding="utf-8"?><testsuites name="pytest tests"><testsuite name="pytest" errors="0" failures="0" skipped="0" tests="18" time="3.606" timestamp="2026-05-12T15:25:30.369823+07:00" hostname="LAPTOP-KBNJL4OQ"><testcase classname="tests.test_notebook" name="test_build_label_mapping_creates_expected_mapping_and_label_ids" time="0.006" /><testcase classname="tests.test_notebook" name="test_build_label_mapping_returns_expected_split_frames" time="0.002" /><testcase classname="tests.test_notebook" name="test_image_to_tensor_returns_normalized_channel_first_tensor" time="0.022" /><testcase classname="tests.test_notebook" name="test_catsdogs_dataset_returns_tensor_and_long_label" time="0.010" /><testcase classname="tests.test_notebook" name="test_build_dataloaders_returns_three_loaders_with_expected_batch_size" time="0.007" /><testcase classname="tests.test_notebook" name="test_build_dataloaders_training_loader_is_reproducible" time="0.005" /><testcase classname="tests.test_notebook" name="test_inspect_first_batch_returns_first_batch_from_loader" time="0.001" /><testcase classname="tests.test_notebook" name="test_inspect_first_batch_rejects_none_loader" time="0.000" /><testcase classname="tests.test_notebook" name="test_simple_cnn_outputs_two_logits_per_example" time="0.012" /><testcase classname="tests.test_notebook" name="test_simple_cnn_supports_backward_pass" time="0.016" /><testcase classname="tests.test_notebook" name="test_setup_training_returns_expected_components" time="1.220" /><testcase classname="tests.test_notebook" name="test_setup_training_respects_explicit_device" time="0.001" /><testcase classname="tests.test_notebook" name="test_train_one_epoch_returns_finite_metrics" time="0.004" /><testcase classname="tests.test_notebook" name="test_train_one_epoch_updates_model_parameters" time="0.014" /><testcase classname="tests.test_notebook" name="test_evaluate_returns_finite_metrics" time="0.003" /><testcase classname="tests.test_notebook" name="test_evaluate_does_not_update_model_parameters" time="0.003" /><testcase classname="tests.test_notebook" name="test_run_training_experiment_returns_history_and_metrics_when_baseline_missing" time="0.014" /><testcase classname="tests.test_notebook" name="test_run_training_experiment_reads_baseline_csv" time="0.014" /></testsuite></testsuites>